<?xml version="1.0" encoding="UTF-8"?>
<testng-results skipped="0" failed="0" ignored="0" total="2" passed="2">
  <reporter-output>
  </reporter-output>
  <suite name="com.swaglabs.test.scripts.SmokeTests" duration-ms="9369" started-at="2021-10-18T23:46:36 EDT" finished-at="2021-10-18T23:46:46 EDT">
    <groups>
    </groups>
    <test name="Command line test" duration-ms="9369" started-at="2021-10-18T23:46:36 EDT" finished-at="2021-10-18T23:46:46 EDT">
      <class name="com.swaglabs.test.scripts.SmokeTests">
        <test-method status="PASS" signature="init()[pri:0, instance:com.swaglabs.test.scripts.SmokeTests@6d4b1c02]" name="init" is-config="true" duration-ms="1898" started-at="2021-10-18T23:46:36 EDT" finished-at="2021-10-18T23:46:38 EDT">
          <reporter-output>
          </reporter-output>
        </test-method> <!-- init -->
        <test-method status="PASS" signature="openBrowser()[pri:0, instance:com.swaglabs.test.scripts.SmokeTests@6d4b1c02]" name="openBrowser" is-config="true" duration-ms="34" started-at="2021-10-18T23:46:38 EDT" finished-at="2021-10-18T23:46:38 EDT">
          <reporter-output>
          </reporter-output>
        </test-method> <!-- openBrowser -->
        <test-method status="PASS" signature="testLogin()[pri:1, instance:com.swaglabs.test.scripts.SmokeTests@6d4b1c02]" name="testLogin" duration-ms="728" started-at="2021-10-18T23:46:38 EDT" finished-at="2021-10-18T23:46:39 EDT">
          <reporter-output>
          </reporter-output>
        </test-method> <!-- testLogin -->
        <test-method status="PASS" signature="openBrowser()[pri:0, instance:com.swaglabs.test.scripts.SmokeTests@6d4b1c02]" name="openBrowser" is-config="true" duration-ms="74" started-at="2021-10-18T23:46:39 EDT" finished-at="2021-10-18T23:46:39 EDT">
          <reporter-output>
          </reporter-output>
        </test-method> <!-- openBrowser -->
        <test-method status="PASS" signature="selectItem()[pri:2, instance:com.swaglabs.test.scripts.SmokeTests@6d4b1c02]" name="selectItem" duration-ms="5831" started-at="2021-10-18T23:46:39 EDT" finished-at="2021-10-18T23:46:45 EDT">
          <reporter-output>
          </reporter-output>
        </test-method> <!-- selectItem -->
        <test-method status="PASS" signature="clearOut()[pri:0, instance:com.swaglabs.test.scripts.SmokeTests@6d4b1c02]" name="clearOut" is-config="true" duration-ms="749" started-at="2021-10-18T23:46:45 EDT" finished-at="2021-10-18T23:46:46 EDT">
          <reporter-output>
          </reporter-output>
        </test-method> <!-- clearOut -->
      </class> <!-- com.swaglabs.test.scripts.SmokeTests -->
    </test> <!-- Command line test -->
  </suite> <!-- com.swaglabs.test.scripts.SmokeTests -->
</testng-results>
